{"C:\\Users\\ASUS\\OneDrive\\Desktop\\RECEPIE-BOOK-APP\\recipe-book-app\\recipe-book-app\\server\\server.js": {"path":"C:\\Users\\ASUS\\OneDrive\\Desktop\\RECEPIE-BOOK-APP\\recipe-book-app\\recipe-book-app\\server\\server.js","statementMap":{"0":{"start":{"line":1,"column":16},"end":{"line":1,"column":34}},"1":{"start":{"line":2,"column":13},"end":{"line":2,"column":28}},"2":{"start":{"line":3,"column":15},"end":{"line":3,"column":32}},"3":{"start":{"line":6,"column":0},"end":{"line":6,"column":16}},"4":{"start":{"line":9,"column":0},"end":{"line":9,"column":29}},"5":{"start":{"line":12,"column":19},"end":{"line":12,"column":43}},"6":{"start":{"line":13,"column":21},"end":{"line":13,"column":48}},"7":{"start":{"line":15,"column":12},"end":{"line":15,"column":21}},"8":{"start":{"line":18,"column":0},"end":{"line":18,"column":16}},"9":{"start":{"line":19,"column":0},"end":{"line":19,"column":24}},"10":{"start":{"line":20,"column":0},"end":{"line":20,"column":48}},"11":{"start":{"line":23,"column":0},"end":{"line":23,"column":33}},"12":{"start":{"line":24,"column":0},"end":{"line":24,"column":38}},"13":{"start":{"line":27,"column":0},"end":{"line":29,"column":3}},"14":{"start":{"line":28,"column":2},"end":{"line":28,"column":55}},"15":{"start":{"line":32,"column":0},"end":{"line":35,"column":3}},"16":{"start":{"line":33,"column":2},"end":{"line":33,"column":27}},"17":{"start":{"line":34,"column":2},"end":{"line":34,"column":61}},"18":{"start":{"line":37,"column":13},"end":{"line":37,"column":37}},"19":{"start":{"line":40,"column":0},"end":{"line":40,"column":21}},"20":{"start":{"line":43,"column":0},"end":{"line":47,"column":1}},"21":{"start":{"line":44,"column":2},"end":{"line":46,"column":5}},"22":{"start":{"line":45,"column":4},"end":{"line":45,"column":53}}},"fnMap":{"0":{"name":"(anonymous_0)","decl":{"start":{"line":27,"column":13},"end":{"line":27,"column":14}},"loc":{"start":{"line":27,"column":27},"end":{"line":29,"column":1}},"line":27},"1":{"name":"(anonymous_1)","decl":{"start":{"line":32,"column":8},"end":{"line":32,"column":9}},"loc":{"start":{"line":32,"column":33},"end":{"line":35,"column":1}},"line":32},"2":{"name":"(anonymous_2)","decl":{"start":{"line":44,"column":19},"end":{"line":44,"column":20}},"loc":{"start":{"line":44,"column":25},"end":{"line":46,"column":3}},"line":44}},"branchMap":{"0":{"loc":{"start":{"line":37,"column":13},"end":{"line":37,"column":37}},"type":"binary-expr","locations":[{"start":{"line":37,"column":13},"end":{"line":37,"column":29}},{"start":{"line":37,"column":33},"end":{"line":37,"column":37}}],"line":37},"1":{"loc":{"start":{"line":43,"column":0},"end":{"line":47,"column":1}},"type":"if","locations":[{"start":{"line":43,"column":0},"end":{"line":47,"column":1}},{"start":{},"end":{}}],"line":43}},"s":{"0":1,"1":1,"2":1,"3":1,"4":1,"5":1,"6":1,"7":1,"8":1,"9":1,"10":1,"11":1,"12":1,"13":1,"14":0,"15":1,"16":0,"17":0,"18":1,"19":1,"20":1,"21":0,"22":0},"f":{"0":0,"1":0,"2":0},"b":{"0":[1,0],"1":[0,1]},"_coverageSchema":"1a1c01bbd47fc00a2c39e90264f33305004495a9","hash":"d74e10953d11ea9050e1d0f325c46ee53b641d37"}
,"C:\\Users\\ASUS\\OneDrive\\Desktop\\RECEPIE-BOOK-APP\\recipe-book-app\\recipe-book-app\\server\\config\\database.js": {"path":"C:\\Users\\ASUS\\OneDrive\\Desktop\\RECEPIE-BOOK-APP\\recipe-book-app\\recipe-book-app\\server\\config\\database.js","statementMap":{"0":{"start":{"line":1,"column":0},"end":{"line":5,"column":2}}},"fnMap":{},"branchMap":{},"s":{"0":1},"f":{},"b":{},"_coverageSchema":"1a1c01bbd47fc00a2c39e90264f33305004495a9","hash":"8da1a215b9d59c92514f977e3cbfc43c864a65fa"}
,"C:\\Users\\ASUS\\OneDrive\\Desktop\\RECEPIE-BOOK-APP\\recipe-book-app\\recipe-book-app\\server\\controllers\\authController.js": {"path":"C:\\Users\\ASUS\\OneDrive\\Desktop\\RECEPIE-BOOK-APP\\recipe-book-app\\recipe-book-app\\server\\controllers\\authController.js","statementMap":{"0":{"start":{"line":1,"column":15},"end":{"line":1,"column":34}},"1":{"start":{"line":2,"column":12},"end":{"line":2,"column":35}},"2":{"start":{"line":3,"column":11},"end":{"line":3,"column":40}},"3":{"start":{"line":6,"column":0},"end":{"line":63,"column":2}},"4":{"start":{"line":7,"column":2},"end":{"line":62,"column":3}},"5":{"start":{"line":8,"column":42},"end":{"line":8,"column":50}},"6":{"start":{"line":11,"column":4},"end":{"line":13,"column":5}},"7":{"start":{"line":12,"column":6},"end":{"line":12,"column":74}},"8":{"start":{"line":15,"column":4},"end":{"line":17,"column":5}},"9":{"start":{"line":16,"column":6},"end":{"line":16,"column":89}},"10":{"start":{"line":20,"column":4},"end":{"line":59,"column":7}},"11":{"start":{"line":21,"column":6},"end":{"line":23,"column":7}},"12":{"start":{"line":22,"column":8},"end":{"line":22,"column":65}},"13":{"start":{"line":25,"column":6},"end":{"line":27,"column":7}},"14":{"start":{"line":26,"column":8},"end":{"line":26,"column":72}},"15":{"start":{"line":30,"column":19},"end":{"line":30,"column":43}},"16":{"start":{"line":31,"column":29},"end":{"line":31,"column":62}},"17":{"start":{"line":34,"column":6},"end":{"line":58,"column":8}},"18":{"start":{"line":38,"column":10},"end":{"line":40,"column":11}},"19":{"start":{"line":39,"column":12},"end":{"line":39,"column":76}},"20":{"start":{"line":43,"column":24},"end":{"line":47,"column":11}},"21":{"start":{"line":49,"column":10},"end":{"line":56,"column":13}},"22":{"start":{"line":61,"column":4},"end":{"line":61,"column":54}},"23":{"start":{"line":66,"column":0},"end":{"line":111,"column":2}},"24":{"start":{"line":67,"column":2},"end":{"line":110,"column":3}},"25":{"start":{"line":68,"column":32},"end":{"line":68,"column":40}},"26":{"start":{"line":71,"column":4},"end":{"line":73,"column":5}},"27":{"start":{"line":72,"column":6},"end":{"line":72,"column":74}},"28":{"start":{"line":76,"column":4},"end":{"line":107,"column":7}},"29":{"start":{"line":77,"column":6},"end":{"line":79,"column":7}},"30":{"start":{"line":78,"column":8},"end":{"line":78,"column":65}},"31":{"start":{"line":81,"column":6},"end":{"line":83,"column":7}},"32":{"start":{"line":82,"column":8},"end":{"line":82,"column":72}},"33":{"start":{"line":86,"column":22},"end":{"line":86,"column":67}},"34":{"start":{"line":88,"column":6},"end":{"line":90,"column":7}},"35":{"start":{"line":89,"column":8},"end":{"line":89,"column":72}},"36":{"start":{"line":93,"column":20},"end":{"line":97,"column":7}},"37":{"start":{"line":99,"column":6},"end":{"line":106,"column":9}},"38":{"start":{"line":109,"column":4},"end":{"line":109,"column":54}},"39":{"start":{"line":114,"column":0},"end":{"line":130,"column":2}},"40":{"start":{"line":115,"column":2},"end":{"line":129,"column":4}},"41":{"start":{"line":119,"column":6},"end":{"line":121,"column":7}},"42":{"start":{"line":120,"column":8},"end":{"line":120,"column":65}},"43":{"start":{"line":123,"column":6},"end":{"line":125,"column":7}},"44":{"start":{"line":124,"column":8},"end":{"line":124,"column":67}},"45":{"start":{"line":127,"column":6},"end":{"line":127,"column":21}}},"fnMap":{"0":{"name":"(anonymous_0)","decl":{"start":{"line":6,"column":19},"end":{"line":6,"column":20}},"loc":{"start":{"line":6,"column":39},"end":{"line":63,"column":1}},"line":6},"1":{"name":"(anonymous_1)","decl":{"start":{"line":20,"column":59},"end":{"line":20,"column":60}},"loc":{"start":{"line":20,"column":80},"end":{"line":59,"column":5}},"line":20},"2":{"name":"(anonymous_2)","decl":{"start":{"line":37,"column":8},"end":{"line":37,"column":9}},"loc":{"start":{"line":37,"column":22},"end":{"line":57,"column":9}},"line":37},"3":{"name":"(anonymous_3)","decl":{"start":{"line":66,"column":16},"end":{"line":66,"column":17}},"loc":{"start":{"line":66,"column":36},"end":{"line":111,"column":1}},"line":66},"4":{"name":"(anonymous_4)","decl":{"start":{"line":76,"column":59},"end":{"line":76,"column":60}},"loc":{"start":{"line":76,"column":80},"end":{"line":107,"column":5}},"line":76},"5":{"name":"(anonymous_5)","decl":{"start":{"line":114,"column":16},"end":{"line":114,"column":17}},"loc":{"start":{"line":114,"column":30},"end":{"line":130,"column":1}},"line":114},"6":{"name":"(anonymous_6)","decl":{"start":{"line":118,"column":4},"end":{"line":118,"column":5}},"loc":{"start":{"line":118,"column":19},"end":{"line":128,"column":5}},"line":118}},"branchMap":{"0":{"loc":{"start":{"line":11,"column":4},"end":{"line":13,"column":5}},"type":"if","locations":[{"start":{"line":11,"column":4},"end":{"line":13,"column":5}},{"start":{},"end":{}}],"line":11},"1":{"loc":{"start":{"line":11,"column":8},"end":{"line":11,"column":40}},"type":"binary-expr","locations":[{"start":{"line":11,"column":8},"end":{"line":11,"column":17}},{"start":{"line":11,"column":21},"end":{"line":11,"column":27}},{"start":{"line":11,"column":31},"end":{"line":11,"column":40}}],"line":11},"2":{"loc":{"start":{"line":15,"column":4},"end":{"line":17,"column":5}},"type":"if","locations":[{"start":{"line":15,"column":4},"end":{"line":17,"column":5}},{"start":{},"end":{}}],"line":15},"3":{"loc":{"start":{"line":21,"column":6},"end":{"line":23,"column":7}},"type":"if","locations":[{"start":{"line":21,"column":6},"end":{"line":23,"column":7}},{"start":{},"end":{}}],"line":21},"4":{"loc":{"start":{"line":25,"column":6},"end":{"line":27,"column":7}},"type":"if","locations":[{"start":{"line":25,"column":6},"end":{"line":27,"column":7}},{"start":{},"end":{}}],"line":25},"5":{"loc":{"start":{"line":38,"column":10},"end":{"line":40,"column":11}},"type":"if","locations":[{"start":{"line":38,"column":10},"end":{"line":40,"column":11}},{"start":{},"end":{}}],"line":38},"6":{"loc":{"start":{"line":71,"column":4},"end":{"line":73,"column":5}},"type":"if","locations":[{"start":{"line":71,"column":4},"end":{"line":73,"column":5}},{"start":{},"end":{}}],"line":71},"7":{"loc":{"start":{"line":71,"column":8},"end":{"line":71,"column":27}},"type":"binary-expr","locations":[{"start":{"line":71,"column":8},"end":{"line":71,"column":14}},{"start":{"line":71,"column":18},"end":{"line":71,"column":27}}],"line":71},"8":{"loc":{"start":{"line":77,"column":6},"end":{"line":79,"column":7}},"type":"if","locations":[{"start":{"line":77,"column":6},"end":{"line":79,"column":7}},{"start":{},"end":{}}],"line":77},"9":{"loc":{"start":{"line":81,"column":6},"end":{"line":83,"column":7}},"type":"if","locations":[{"start":{"line":81,"column":6},"end":{"line":83,"column":7}},{"start":{},"end":{}}],"line":81},"10":{"loc":{"start":{"line":88,"column":6},"end":{"line":90,"column":7}},"type":"if","locations":[{"start":{"line":88,"column":6},"end":{"line":90,"column":7}},{"start":{},"end":{}}],"line":88},"11":{"loc":{"start":{"line":119,"column":6},"end":{"line":121,"column":7}},"type":"if","locations":[{"start":{"line":119,"column":6},"end":{"line":121,"column":7}},{"start":{},"end":{}}],"line":119},"12":{"loc":{"start":{"line":123,"column":6},"end":{"line":125,"column":7}},"type":"if","locations":[{"start":{"line":123,"column":6},"end":{"line":125,"column":7}},{"start":{},"end":{}}],"line":123}},"s":{"0":2,"1":2,"2":2,"3":2,"4":2,"5":2,"6":2,"7":1,"8":1,"9":1,"10":0,"11":0,"12":0,"13":0,"14":0,"15":0,"16":0,"17":0,"18":0,"19":0,"20":0,"21":0,"22":0,"23":2,"24":0,"25":0,"26":0,"27":0,"28":0,"29":0,"30":0,"31":0,"32":0,"33":0,"34":0,"35":0,"36":0,"37":0,"38":0,"39":2,"40":0,"41":0,"42":0,"43":0,"44":0,"45":0},"f":{"0":2,"1":0,"2":0,"3":0,"4":0,"5":0,"6":0},"b":{"0":[1,1],"1":[2,1,1],"2":[1,0],"3":[0,0],"4":[0,0],"5":[0,0],"6":[0,0],"7":[0,0],"8":[0,0],"9":[0,0],"10":[0,0],"11":[0,0],"12":[0,0]},"_coverageSchema":"1a1c01bbd47fc00a2c39e90264f33305004495a9","hash":"8d869b0dba893972d35d02e6b83f8df5321d7948"}
,"C:\\Users\\ASUS\\OneDrive\\Desktop\\RECEPIE-BOOK-APP\\recipe-book-app\\recipe-book-app\\server\\controllers\\recipeController.js": {"path":"C:\\Users\\ASUS\\OneDrive\\Desktop\\RECEPIE-BOOK-APP\\recipe-book-app\\recipe-book-app\\server\\controllers\\recipeController.js","statementMap":{"0":{"start":{"line":1,"column":11},"end":{"line":1,"column":40}},"1":{"start":{"line":4,"column":0},"end":{"line":36,"column":2}},"2":{"start":{"line":5,"column":17},"end":{"line":5,"column":28}},"3":{"start":{"line":6,"column":31},"end":{"line":6,"column":40}},"4":{"start":{"line":8,"column":14},"end":{"line":8,"column":55}},"5":{"start":{"line":9,"column":15},"end":{"line":9,"column":23}},"6":{"start":{"line":11,"column":2},"end":{"line":14,"column":3}},"7":{"start":{"line":12,"column":4},"end":{"line":12,"column":33}},"8":{"start":{"line":13,"column":4},"end":{"line":13,"column":26}},"9":{"start":{"line":16,"column":2},"end":{"line":19,"column":3}},"10":{"start":{"line":17,"column":4},"end":{"line":17,"column":33}},"11":{"start":{"line":18,"column":4},"end":{"line":18,"column":31}},"12":{"start":{"line":21,"column":2},"end":{"line":21,"column":39}},"13":{"start":{"line":23,"column":2},"end":{"line":35,"column":5}},"14":{"start":{"line":24,"column":4},"end":{"line":26,"column":5}},"15":{"start":{"line":25,"column":6},"end":{"line":25,"column":73}},"16":{"start":{"line":29,"column":26},"end":{"line":32,"column":7}},"17":{"start":{"line":29,"column":49},"end":{"line":32,"column":5}},"18":{"start":{"line":34,"column":4},"end":{"line":34,"column":28}},"19":{"start":{"line":39,"column":0},"end":{"line":61,"column":2}},"20":{"start":{"line":40,"column":17},"end":{"line":40,"column":27}},"21":{"start":{"line":41,"column":17},"end":{"line":41,"column":28}},"22":{"start":{"line":43,"column":2},"end":{"line":60,"column":4}},"23":{"start":{"line":47,"column":6},"end":{"line":49,"column":7}},"24":{"start":{"line":48,"column":8},"end":{"line":48,"column":74}},"25":{"start":{"line":51,"column":6},"end":{"line":53,"column":7}},"26":{"start":{"line":52,"column":8},"end":{"line":52,"column":69}},"27":{"start":{"line":56,"column":6},"end":{"line":56,"column":66}},"28":{"start":{"line":58,"column":6},"end":{"line":58,"column":23}},"29":{"start":{"line":64,"column":0},"end":{"line":113,"column":2}},"30":{"start":{"line":65,"column":17},"end":{"line":65,"column":28}},"31":{"start":{"line":76,"column":6},"end":{"line":76,"column":14}},"32":{"start":{"line":79,"column":2},"end":{"line":81,"column":3}},"33":{"start":{"line":80,"column":4},"end":{"line":80,"column":100}},"34":{"start":{"line":84,"column":26},"end":{"line":84,"column":53}},"35":{"start":{"line":86,"column":2},"end":{"line":112,"column":4}},"36":{"start":{"line":92,"column":6},"end":{"line":94,"column":7}},"37":{"start":{"line":93,"column":8},"end":{"line":93,"column":74}},"38":{"start":{"line":96,"column":6},"end":{"line":110,"column":9}},"39":{"start":{"line":116,"column":0},"end":{"line":154,"column":2}},"40":{"start":{"line":117,"column":17},"end":{"line":117,"column":27}},"41":{"start":{"line":118,"column":17},"end":{"line":118,"column":28}},"42":{"start":{"line":130,"column":6},"end":{"line":130,"column":14}},"43":{"start":{"line":133,"column":26},"end":{"line":133,"column":53}},"44":{"start":{"line":135,"column":2},"end":{"line":153,"column":4}},"45":{"start":{"line":143,"column":6},"end":{"line":145,"column":7}},"46":{"start":{"line":144,"column":8},"end":{"line":144,"column":74}},"47":{"start":{"line":147,"column":6},"end":{"line":149,"column":7}},"48":{"start":{"line":148,"column":8},"end":{"line":148,"column":69}},"49":{"start":{"line":151,"column":6},"end":{"line":151,"column":59}},"50":{"start":{"line":157,"column":0},"end":{"line":176,"column":2}},"51":{"start":{"line":158,"column":17},"end":{"line":158,"column":27}},"52":{"start":{"line":159,"column":17},"end":{"line":159,"column":28}},"53":{"start":{"line":161,"column":2},"end":{"line":175,"column":4}},"54":{"start":{"line":165,"column":6},"end":{"line":167,"column":7}},"55":{"start":{"line":166,"column":8},"end":{"line":166,"column":74}},"56":{"start":{"line":169,"column":6},"end":{"line":171,"column":7}},"57":{"start":{"line":170,"column":8},"end":{"line":170,"column":69}},"58":{"start":{"line":173,"column":6},"end":{"line":173,"column":59}},"59":{"start":{"line":179,"column":0},"end":{"line":210,"column":2}},"60":{"start":{"line":180,"column":17},"end":{"line":180,"column":27}},"61":{"start":{"line":181,"column":17},"end":{"line":181,"column":28}},"62":{"start":{"line":183,"column":2},"end":{"line":209,"column":4}},"63":{"start":{"line":187,"column":6},"end":{"line":189,"column":7}},"64":{"start":{"line":188,"column":8},"end":{"line":188,"column":74}},"65":{"start":{"line":191,"column":6},"end":{"line":193,"column":7}},"66":{"start":{"line":192,"column":8},"end":{"line":192,"column":69}},"67":{"start":{"line":195,"column":32},"end":{"line":195,"column":64}},"68":{"start":{"line":197,"column":6},"end":{"line":207,"column":8}},"69":{"start":{"line":201,"column":10},"end":{"line":203,"column":11}},"70":{"start":{"line":202,"column":12},"end":{"line":202,"column":87}},"71":{"start":{"line":205,"column":10},"end":{"line":205,"column":55}}},"fnMap":{"0":{"name":"(anonymous_0)","decl":{"start":{"line":4,"column":24},"end":{"line":4,"column":25}},"loc":{"start":{"line":4,"column":38},"end":{"line":36,"column":1}},"line":4},"1":{"name":"(anonymous_1)","decl":{"start":{"line":23,"column":24},"end":{"line":23,"column":25}},"loc":{"start":{"line":23,"column":42},"end":{"line":35,"column":3}},"line":23},"2":{"name":"(anonymous_2)","decl":{"start":{"line":29,"column":38},"end":{"line":29,"column":39}},"loc":{"start":{"line":29,"column":49},"end":{"line":32,"column":5}},"line":29},"3":{"name":"(anonymous_3)","decl":{"start":{"line":39,"column":24},"end":{"line":39,"column":25}},"loc":{"start":{"line":39,"column":38},"end":{"line":61,"column":1}},"line":39},"4":{"name":"(anonymous_4)","decl":{"start":{"line":46,"column":4},"end":{"line":46,"column":5}},"loc":{"start":{"line":46,"column":21},"end":{"line":59,"column":5}},"line":46},"5":{"name":"(anonymous_5)","decl":{"start":{"line":64,"column":23},"end":{"line":64,"column":24}},"loc":{"start":{"line":64,"column":37},"end":{"line":113,"column":1}},"line":64},"6":{"name":"(anonymous_6)","decl":{"start":{"line":91,"column":4},"end":{"line":91,"column":5}},"loc":{"start":{"line":91,"column":18},"end":{"line":111,"column":5}},"line":91},"7":{"name":"(anonymous_7)","decl":{"start":{"line":116,"column":23},"end":{"line":116,"column":24}},"loc":{"start":{"line":116,"column":37},"end":{"line":154,"column":1}},"line":116},"8":{"name":"(anonymous_8)","decl":{"start":{"line":142,"column":4},"end":{"line":142,"column":5}},"loc":{"start":{"line":142,"column":18},"end":{"line":152,"column":5}},"line":142},"9":{"name":"(anonymous_9)","decl":{"start":{"line":157,"column":23},"end":{"line":157,"column":24}},"loc":{"start":{"line":157,"column":37},"end":{"line":176,"column":1}},"line":157},"10":{"name":"(anonymous_10)","decl":{"start":{"line":164,"column":4},"end":{"line":164,"column":5}},"loc":{"start":{"line":164,"column":18},"end":{"line":174,"column":5}},"line":164},"11":{"name":"(anonymous_11)","decl":{"start":{"line":179,"column":25},"end":{"line":179,"column":26}},"loc":{"start":{"line":179,"column":39},"end":{"line":210,"column":1}},"line":179},"12":{"name":"(anonymous_12)","decl":{"start":{"line":186,"column":4},"end":{"line":186,"column":5}},"loc":{"start":{"line":186,"column":21},"end":{"line":208,"column":5}},"line":186},"13":{"name":"(anonymous_13)","decl":{"start":{"line":200,"column":8},"end":{"line":200,"column":9}},"loc":{"start":{"line":200,"column":17},"end":{"line":206,"column":9}},"line":200}},"branchMap":{"0":{"loc":{"start":{"line":11,"column":2},"end":{"line":14,"column":3}},"type":"if","locations":[{"start":{"line":11,"column":2},"end":{"line":14,"column":3}},{"start":{},"end":{}}],"line":11},"1":{"loc":{"start":{"line":16,"column":2},"end":{"line":19,"column":3}},"type":"if","locations":[{"start":{"line":16,"column":2},"end":{"line":19,"column":3}},{"start":{},"end":{}}],"line":16},"2":{"loc":{"start":{"line":24,"column":4},"end":{"line":26,"column":5}},"type":"if","locations":[{"start":{"line":24,"column":4},"end":{"line":26,"column":5}},{"start":{},"end":{}}],"line":24},"3":{"loc":{"start":{"line":31,"column":30},"end":{"line":31,"column":56}},"type":"binary-expr","locations":[{"start":{"line":31,"column":30},"end":{"line":31,"column":48}},{"start":{"line":31,"column":52},"end":{"line":31,"column":56}}],"line":31},"4":{"loc":{"start":{"line":47,"column":6},"end":{"line":49,"column":7}},"type":"if","locations":[{"start":{"line":47,"column":6},"end":{"line":49,"column":7}},{"start":{},"end":{}}],"line":47},"5":{"loc":{"start":{"line":51,"column":6},"end":{"line":53,"column":7}},"type":"if","locations":[{"start":{"line":51,"column":6},"end":{"line":53,"column":7}},{"start":{},"end":{}}],"line":51},"6":{"loc":{"start":{"line":56,"column":38},"end":{"line":56,"column":64}},"type":"binary-expr","locations":[{"start":{"line":56,"column":38},"end":{"line":56,"column":56}},{"start":{"line":56,"column":60},"end":{"line":56,"column":64}}],"line":56},"7":{"loc":{"start":{"line":79,"column":2},"end":{"line":81,"column":3}},"type":"if","locations":[{"start":{"line":79,"column":2},"end":{"line":81,"column":3}},{"start":{},"end":{}}],"line":79},"8":{"loc":{"start":{"line":79,"column":6},"end":{"line":79,"column":45}},"type":"binary-expr","locations":[{"start":{"line":79,"column":6},"end":{"line":79,"column":12}},{"start":{"line":79,"column":16},"end":{"line":79,"column":28}},{"start":{"line":79,"column":32},"end":{"line":79,"column":45}}],"line":79},"9":{"loc":{"start":{"line":92,"column":6},"end":{"line":94,"column":7}},"type":"if","locations":[{"start":{"line":92,"column":6},"end":{"line":94,"column":7}},{"start":{},"end":{}}],"line":92},"10":{"loc":{"start":{"line":143,"column":6},"end":{"line":145,"column":7}},"type":"if","locations":[{"start":{"line":143,"column":6},"end":{"line":145,"column":7}},{"start":{},"end":{}}],"line":143},"11":{"loc":{"start":{"line":147,"column":6},"end":{"line":149,"column":7}},"type":"if","locations":[{"start":{"line":147,"column":6},"end":{"line":149,"column":7}},{"start":{},"end":{}}],"line":147},"12":{"loc":{"start":{"line":165,"column":6},"end":{"line":167,"column":7}},"type":"if","locations":[{"start":{"line":165,"column":6},"end":{"line":167,"column":7}},{"start":{},"end":{}}],"line":165},"13":{"loc":{"start":{"line":169,"column":6},"end":{"line":171,"column":7}},"type":"if","locations":[{"start":{"line":169,"column":6},"end":{"line":171,"column":7}},{"start":{},"end":{}}],"line":169},"14":{"loc":{"start":{"line":187,"column":6},"end":{"line":189,"column":7}},"type":"if","locations":[{"start":{"line":187,"column":6},"end":{"line":189,"column":7}},{"start":{},"end":{}}],"line":187},"15":{"loc":{"start":{"line":191,"column":6},"end":{"line":193,"column":7}},"type":"if","locations":[{"start":{"line":191,"column":6},"end":{"line":193,"column":7}},{"start":{},"end":{}}],"line":191},"16":{"loc":{"start":{"line":195,"column":32},"end":{"line":195,"column":64}},"type":"cond-expr","locations":[{"start":{"line":195,"column":59},"end":{"line":195,"column":60}},{"start":{"line":195,"column":63},"end":{"line":195,"column":64}}],"line":195},"17":{"loc":{"start":{"line":201,"column":10},"end":{"line":203,"column":11}},"type":"if","locations":[{"start":{"line":201,"column":10},"end":{"line":203,"column":11}},{"start":{},"end":{}}],"line":201}},"s":{"0":1,"1":1,"2":0,"3":0,"4":0,"5":0,"6":0,"7":0,"8":0,"9":0,"10":0,"11":0,"12":0,"13":0,"14":0,"15":0,"16":0,"17":0,"18":0,"19":1,"20":0,"21":0,"22":0,"23":0,"24":0,"25":0,"26":0,"27":0,"28":0,"29":1,"30":0,"31":0,"32":0,"33":0,"34":0,"35":0,"36":0,"37":0,"38":0,"39":1,"40":0,"41":0,"42":0,"43":0,"44":0,"45":0,"46":0,"47":0,"48":0,"49":0,"50":1,"51":0,"52":0,"53":0,"54":0,"55":0,"56":0,"57":0,"58":0,"59":1,"60":0,"61":0,"62":0,"63":0,"64":0,"65":0,"66":0,"67":0,"68":0,"69":0,"70":0,"71":0},"f":{"0":0,"1":0,"2":0,"3":0,"4":0,"5":0,"6":0,"7":0,"8":0,"9":0,"10":0,"11":0,"12":0,"13":0},"b":{"0":[0,0],"1":[0,0],"2":[0,0],"3":[0,0],"4":[0,0],"5":[0,0],"6":[0,0],"7":[0,0],"8":[0,0,0],"9":[0,0],"10":[0,0],"11":[0,0],"12":[0,0],"13":[0,0],"14":[0,0],"15":[0,0],"16":[0,0],"17":[0,0]},"_coverageSchema":"1a1c01bbd47fc00a2c39e90264f33305004495a9","hash":"6a0fc0d3db213972b52ce52662d669e66d1399de"}
,"C:\\Users\\ASUS\\OneDrive\\Desktop\\RECEPIE-BOOK-APP\\recipe-book-app\\recipe-book-app\\server\\middleware\\auth.js": {"path":"C:\\Users\\ASUS\\OneDrive\\Desktop\\RECEPIE-BOOK-APP\\recipe-book-app\\recipe-book-app\\server\\middleware\\auth.js","statementMap":{"0":{"start":{"line":1,"column":12},"end":{"line":1,"column":35}},"1":{"start":{"line":3,"column":13},"end":{"line":19,"column":1}},"2":{"start":{"line":4,"column":2},"end":{"line":18,"column":3}},"3":{"start":{"line":6,"column":18},"end":{"line":6,"column":69}},"4":{"start":{"line":8,"column":4},"end":{"line":10,"column":5}},"5":{"start":{"line":9,"column":6},"end":{"line":9,"column":81}},"6":{"start":{"line":13,"column":20},"end":{"line":13,"column":61}},"7":{"start":{"line":14,"column":4},"end":{"line":14,"column":23}},"8":{"start":{"line":15,"column":4},"end":{"line":15,"column":11}},"9":{"start":{"line":17,"column":4},"end":{"line":17,"column":60}},"10":{"start":{"line":21,"column":0},"end":{"line":21,"column":22}}},"fnMap":{"0":{"name":"(anonymous_0)","decl":{"start":{"line":3,"column":13},"end":{"line":3,"column":14}},"loc":{"start":{"line":3,"column":33},"end":{"line":19,"column":1}},"line":3}},"branchMap":{"0":{"loc":{"start":{"line":8,"column":4},"end":{"line":10,"column":5}},"type":"if","locations":[{"start":{"line":8,"column":4},"end":{"line":10,"column":5}},{"start":{},"end":{}}],"line":8}},"s":{"0":1,"1":1,"2":1,"3":1,"4":1,"5":1,"6":0,"7":0,"8":0,"9":0,"10":1},"f":{"0":1},"b":{"0":[1,0]},"_coverageSchema":"1a1c01bbd47fc00a2c39e90264f33305004495a9","hash":"a150dd360629ec12a3038afa7c816c8c4bac0b61"}
,"C:\\Users\\ASUS\\OneDrive\\Desktop\\RECEPIE-BOOK-APP\\recipe-book-app\\recipe-book-app\\server\\routes\\auth.js": {"path":"C:\\Users\\ASUS\\OneDrive\\Desktop\\RECEPIE-BOOK-APP\\recipe-book-app\\recipe-book-app\\server\\routes\\auth.js","statementMap":{"0":{"start":{"line":1,"column":16},"end":{"line":1,"column":34}},"1":{"start":{"line":2,"column":15},"end":{"line":2,"column":31}},"2":{"start":{"line":3,"column":23},"end":{"line":3,"column":63}},"3":{"start":{"line":4,"column":13},"end":{"line":4,"column":42}},"4":{"start":{"line":9,"column":0},"end":{"line":9,"column":50}},"5":{"start":{"line":14,"column":0},"end":{"line":14,"column":44}},"6":{"start":{"line":19,"column":0},"end":{"line":19,"column":46}},"7":{"start":{"line":21,"column":0},"end":{"line":21,"column":24}}},"fnMap":{},"branchMap":{},"s":{"0":1,"1":1,"2":1,"3":1,"4":1,"5":1,"6":1,"7":1},"f":{},"b":{},"_coverageSchema":"1a1c01bbd47fc00a2c39e90264f33305004495a9","hash":"ed9b9a7c8aa2754164b3cc9ea589bcb2f9cc5706"}
,"C:\\Users\\ASUS\\OneDrive\\Desktop\\RECEPIE-BOOK-APP\\recipe-book-app\\recipe-book-app\\server\\routes\\recipes.js": {"path":"C:\\Users\\ASUS\\OneDrive\\Desktop\\RECEPIE-BOOK-APP\\recipe-book-app\\recipe-book-app\\server\\routes\\recipes.js","statementMap":{"0":{"start":{"line":1,"column":16},"end":{"line":1,"column":34}},"1":{"start":{"line":2,"column":15},"end":{"line":2,"column":31}},"2":{"start":{"line":3,"column":25},"end":{"line":3,"column":67}},"3":{"start":{"line":4,"column":13},"end":{"line":4,"column":42}},"4":{"start":{"line":11,"column":0},"end":{"line":11,"column":54}},"5":{"start":{"line":16,"column":0},"end":{"line":16,"column":57}},"6":{"start":{"line":21,"column":0},"end":{"line":21,"column":54}},"7":{"start":{"line":26,"column":0},"end":{"line":26,"column":56}},"8":{"start":{"line":31,"column":0},"end":{"line":31,"column":59}},"9":{"start":{"line":36,"column":0},"end":{"line":36,"column":69}},"10":{"start":{"line":38,"column":0},"end":{"line":38,"column":24}}},"fnMap":{},"branchMap":{},"s":{"0":1,"1":1,"2":1,"3":1,"4":1,"5":1,"6":1,"7":1,"8":1,"9":1,"10":1},"f":{},"b":{},"_coverageSchema":"1a1c01bbd47fc00a2c39e90264f33305004495a9","hash":"2386ef0e1de002a1a712aec48ce0700f829a7855"}
}
