TN:
SF:server.js
FN:27,(anonymous_0)
FN:32,(anonymous_1)
FN:44,(anonymous_2)
FNF:3
FNH:0
FNDA:0,(anonymous_0)
FNDA:0,(anonymous_1)
FNDA:0,(anonymous_2)
DA:1,1
DA:2,1
DA:3,1
DA:6,1
DA:9,1
DA:12,1
DA:13,1
DA:15,1
DA:18,1
DA:19,1
DA:20,1
DA:23,1
DA:24,1
DA:27,1
DA:28,0
DA:32,1
DA:33,0
DA:34,0
DA:37,1
DA:40,1
DA:43,1
DA:44,0
DA:45,0
LF:23
LH:18
BRDA:37,0,0,1
BRDA:37,0,1,0
BRDA:43,1,0,0
BRDA:43,1,1,1
BRF:4
BRH:2
end_of_record
TN:
SF:config\database.js
FNF:0
FNH:0
DA:1,1
LF:1
LH:1
BRF:0
BRH:0
end_of_record
TN:
SF:controllers\authController.js
FN:6,(anonymous_0)
FN:20,(anonymous_1)
FN:37,(anonymous_2)
FN:66,(anonymous_3)
FN:76,(anonymous_4)
FN:114,(anonymous_5)
FN:118,(anonymous_6)
FNF:7
FNH:1
FNDA:2,(anonymous_0)
FNDA:0,(anonymous_1)
FNDA:0,(anonymous_2)
FNDA:0,(anonymous_3)
FNDA:0,(anonymous_4)
FNDA:0,(anonymous_5)
FNDA:0,(anonymous_6)
DA:1,2
DA:2,2
DA:3,2
DA:6,2
DA:7,2
DA:8,2
DA:11,2
DA:12,1
DA:15,1
DA:16,1
DA:20,0
DA:21,0
DA:22,0
DA:25,0
DA:26,0
DA:30,0
DA:31,0
DA:34,0
DA:38,0
DA:39,0
DA:43,0
DA:49,0
DA:61,0
DA:66,2
DA:67,0
DA:68,0
DA:71,0
DA:72,0
DA:76,0
DA:77,0
DA:78,0
DA:81,0
DA:82,0
DA:86,0
DA:88,0
DA:89,0
DA:93,0
DA:99,0
DA:109,0
DA:114,2
DA:115,0
DA:119,0
DA:120,0
DA:123,0
DA:124,0
DA:127,0
LF:46
LH:12
BRDA:11,0,0,1
BRDA:11,0,1,1
BRDA:11,1,0,2
BRDA:11,1,1,1
BRDA:11,1,2,1
BRDA:15,2,0,1
BRDA:15,2,1,0
BRDA:21,3,0,0
BRDA:21,3,1,0
BRDA:25,4,0,0
BRDA:25,4,1,0
BRDA:38,5,0,0
BRDA:38,5,1,0
BRDA:71,6,0,0
BRDA:71,6,1,0
BRDA:71,7,0,0
BRDA:71,7,1,0
BRDA:77,8,0,0
BRDA:77,8,1,0
BRDA:81,9,0,0
BRDA:81,9,1,0
BRDA:88,10,0,0
BRDA:88,10,1,0
BRDA:119,11,0,0
BRDA:119,11,1,0
BRDA:123,12,0,0
BRDA:123,12,1,0
BRF:27
BRH:6
end_of_record
TN:
SF:controllers\recipeController.js
FN:4,(anonymous_0)
FN:23,(anonymous_1)
FN:29,(anonymous_2)
FN:39,(anonymous_3)
FN:46,(anonymous_4)
FN:64,(anonymous_5)
FN:91,(anonymous_6)
FN:116,(anonymous_7)
FN:142,(anonymous_8)
FN:157,(anonymous_9)
FN:164,(anonymous_10)
FN:179,(anonymous_11)
FN:186,(anonymous_12)
FN:200,(anonymous_13)
FNF:14
FNH:0
FNDA:0,(anonymous_0)
FNDA:0,(anonymous_1)
FNDA:0,(anonymous_2)
FNDA:0,(anonymous_3)
FNDA:0,(anonymous_4)
FNDA:0,(anonymous_5)
FNDA:0,(anonymous_6)
FNDA:0,(anonymous_7)
FNDA:0,(anonymous_8)
FNDA:0,(anonymous_9)
FNDA:0,(anonymous_10)
FNDA:0,(anonymous_11)
FNDA:0,(anonymous_12)
FNDA:0,(anonymous_13)
DA:1,1
DA:4,1
DA:5,0
DA:6,0
DA:8,0
DA:9,0
DA:11,0
DA:12,0
DA:13,0
DA:16,0
DA:17,0
DA:18,0
DA:21,0
DA:23,0
DA:24,0
DA:25,0
DA:29,0
DA:34,0
DA:39,1
DA:40,0
DA:41,0
DA:43,0
DA:47,0
DA:48,0
DA:51,0
DA:52,0
DA:56,0
DA:58,0
DA:64,1
DA:65,0
DA:76,0
DA:79,0
DA:80,0
DA:84,0
DA:86,0
DA:92,0
DA:93,0
DA:96,0
DA:116,1
DA:117,0
DA:118,0
DA:130,0
DA:133,0
DA:135,0
DA:143,0
DA:144,0
DA:147,0
DA:148,0
DA:151,0
DA:157,1
DA:158,0
DA:159,0
DA:161,0
DA:165,0
DA:166,0
DA:169,0
DA:170,0
DA:173,0
DA:179,1
DA:180,0
DA:181,0
DA:183,0
DA:187,0
DA:188,0
DA:191,0
DA:192,0
DA:195,0
DA:197,0
DA:201,0
DA:202,0
DA:205,0
LF:71
LH:7
BRDA:11,0,0,0
BRDA:11,0,1,0
BRDA:16,1,0,0
BRDA:16,1,1,0
BRDA:24,2,0,0
BRDA:24,2,1,0
BRDA:31,3,0,0
BRDA:31,3,1,0
BRDA:47,4,0,0
BRDA:47,4,1,0
BRDA:51,5,0,0
BRDA:51,5,1,0
BRDA:56,6,0,0
BRDA:56,6,1,0
BRDA:79,7,0,0
BRDA:79,7,1,0
BRDA:79,8,0,0
BRDA:79,8,1,0
BRDA:79,8,2,0
BRDA:92,9,0,0
BRDA:92,9,1,0
BRDA:143,10,0,0
BRDA:143,10,1,0
BRDA:147,11,0,0
BRDA:147,11,1,0
BRDA:165,12,0,0
BRDA:165,12,1,0
BRDA:169,13,0,0
BRDA:169,13,1,0
BRDA:187,14,0,0
BRDA:187,14,1,0
BRDA:191,15,0,0
BRDA:191,15,1,0
BRDA:195,16,0,0
BRDA:195,16,1,0
BRDA:201,17,0,0
BRDA:201,17,1,0
BRF:37
BRH:0
end_of_record
TN:
SF:middleware\auth.js
FN:3,(anonymous_0)
FNF:1
FNH:1
FNDA:1,(anonymous_0)
DA:1,1
DA:3,1
DA:4,1
DA:6,1
DA:8,1
DA:9,1
DA:13,0
DA:14,0
DA:15,0
DA:17,0
DA:21,1
LF:11
LH:7
BRDA:8,0,0,1
BRDA:8,0,1,0
BRF:2
BRH:1
end_of_record
TN:
SF:routes\auth.js
FNF:0
FNH:0
DA:1,1
DA:2,1
DA:3,1
DA:4,1
DA:9,1
DA:14,1
DA:19,1
DA:21,1
LF:8
LH:8
BRF:0
BRH:0
end_of_record
TN:
SF:routes\recipes.js
FNF:0
FNH:0
DA:1,1
DA:2,1
DA:3,1
DA:4,1
DA:11,1
DA:16,1
DA:21,1
DA:26,1
DA:31,1
DA:36,1
DA:38,1
LF:11
LH:11
BRF:0
BRH:0
end_of_record
