{"C:\\Users\\ASUS\\OneDrive\\Desktop\\RECEPIE-BOOK-APP\\recipe-book-app\\recipe-book-app\\client\\src\\App.js": {"path":"C:\\Users\\ASUS\\OneDrive\\Desktop\\RECEPIE-BOOK-APP\\recipe-book-app\\recipe-book-app\\client\\src\\App.js","statementMap":{"0":{"start":{"line":15,"column":2},"end":{"line":60,"column":4}}},"fnMap":{"0":{"name":"App","decl":{"start":{"line":14,"column":9},"end":{"line":14,"column":12}},"loc":{"start":{"line":14,"column":15},"end":{"line":61,"column":1}},"line":14}},"branchMap":{},"s":{"0":0},"f":{"0":0},"b":{}}
,"C:\\Users\\ASUS\\OneDrive\\Desktop\\RECEPIE-BOOK-APP\\recipe-book-app\\recipe-book-app\\client\\src\\index.js": {"path":"C:\\Users\\ASUS\\OneDrive\\Desktop\\RECEPIE-BOOK-APP\\recipe-book-app\\recipe-book-app\\client\\src\\index.js","statementMap":{"0":{"start":{"line":5,"column":13},"end":{"line":5,"column":65}},"1":{"start":{"line":6,"column":0},"end":{"line":10,"column":2}}},"fnMap":{},"branchMap":{},"s":{"0":0,"1":0},"f":{},"b":{}}
,"C:\\Users\\ASUS\\OneDrive\\Desktop\\RECEPIE-BOOK-APP\\recipe-book-app\\recipe-book-app\\client\\src\\components\\Navbar.js": {"path":"C:\\Users\\ASUS\\OneDrive\\Desktop\\RECEPIE-BOOK-APP\\recipe-book-app\\recipe-book-app\\client\\src\\components\\Navbar.js","statementMap":{"0":{"start":{"line":6,"column":15},"end":{"line":32,"column":1}},"1":{"start":{"line":7,"column":27},"end":{"line":7,"column":50}},"2":{"start":{"line":8,"column":19},"end":{"line":8,"column":32}},"3":{"start":{"line":10,"column":23},"end":{"line":13,"column":3}},"4":{"start":{"line":11,"column":4},"end":{"line":11,"column":13}},"5":{"start":{"line":12,"column":4},"end":{"line":12,"column":23}},"6":{"start":{"line":15,"column":2},"end":{"line":31,"column":4}}},"fnMap":{"0":{"name":"(anonymous_0)","decl":{"start":{"line":6,"column":15},"end":{"line":6,"column":16}},"loc":{"start":{"line":6,"column":21},"end":{"line":32,"column":1}},"line":6},"1":{"name":"(anonymous_1)","decl":{"start":{"line":10,"column":23},"end":{"line":10,"column":24}},"loc":{"start":{"line":10,"column":29},"end":{"line":13,"column":3}},"line":10}},"branchMap":{"0":{"loc":{"start":{"line":21,"column":9},"end":{"line":28,"column":9}},"type":"binary-expr","locations":[{"start":{"line":21,"column":9},"end":{"line":21,"column":13}},{"start":{"line":22,"column":10},"end":{"line":27,"column":16}}],"line":21}},"s":{"0":1,"1":1,"2":1,"3":1,"4":0,"5":0,"6":1},"f":{"0":1,"1":0},"b":{"0":[1,1]},"_coverageSchema":"1a1c01bbd47fc00a2c39e90264f33305004495a9","hash":"2583103a3579811a38381eecb767d8694286c2b4"}
,"C:\\Users\\ASUS\\OneDrive\\Desktop\\RECEPIE-BOOK-APP\\recipe-book-app\\recipe-book-app\\client\\src\\components\\PrivateRoute.js": {"path":"C:\\Users\\ASUS\\OneDrive\\Desktop\\RECEPIE-BOOK-APP\\recipe-book-app\\recipe-book-app\\client\\src\\components\\PrivateRoute.js","statementMap":{"0":{"start":{"line":5,"column":21},"end":{"line":13,"column":1}},"1":{"start":{"line":6,"column":28},"end":{"line":6,"column":51}},"2":{"start":{"line":8,"column":2},"end":{"line":10,"column":3}},"3":{"start":{"line":9,"column":4},"end":{"line":9,"column":84}},"4":{"start":{"line":12,"column":2},"end":{"line":12,"column":52}}},"fnMap":{"0":{"name":"(anonymous_0)","decl":{"start":{"line":5,"column":21},"end":{"line":5,"column":22}},"loc":{"start":{"line":5,"column":39},"end":{"line":13,"column":1}},"line":5}},"branchMap":{"0":{"loc":{"start":{"line":8,"column":2},"end":{"line":10,"column":3}},"type":"if","locations":[{"start":{"line":8,"column":2},"end":{"line":10,"column":3}},{"start":{},"end":{}}],"line":8},"1":{"loc":{"start":{"line":12,"column":9},"end":{"line":12,"column":51}},"type":"cond-expr","locations":[{"start":{"line":12,"column":16},"end":{"line":12,"column":24}},{"start":{"line":12,"column":27},"end":{"line":12,"column":51}}],"line":12}},"s":{"0":0,"1":0,"2":0,"3":0,"4":0},"f":{"0":0},"b":{"0":[0,0],"1":[0,0]}}
,"C:\\Users\\ASUS\\OneDrive\\Desktop\\RECEPIE-BOOK-APP\\recipe-book-app\\recipe-book-app\\client\\src\\components\\RecipeCard.js": {"path":"C:\\Users\\ASUS\\OneDrive\\Desktop\\RECEPIE-BOOK-APP\\recipe-book-app\\recipe-book-app\\client\\src\\components\\RecipeCard.js","statementMap":{"0":{"start":{"line":5,"column":19},"end":{"line":55,"column":1}},"1":{"start":{"line":6,"column":2},"end":{"line":54,"column":4}},"2":{"start":{"line":15,"column":27},"end":{"line":15,"column":54}},"3":{"start":{"line":46,"column":27},"end":{"line":46,"column":46}}},"fnMap":{"0":{"name":"(anonymous_0)","decl":{"start":{"line":5,"column":19},"end":{"line":5,"column":20}},"loc":{"start":{"line":5,"column":63},"end":{"line":55,"column":1}},"line":5},"1":{"name":"(anonymous_1)","decl":{"start":{"line":15,"column":21},"end":{"line":15,"column":22}},"loc":{"start":{"line":15,"column":27},"end":{"line":15,"column":54}},"line":15},"2":{"name":"(anonymous_2)","decl":{"start":{"line":46,"column":21},"end":{"line":46,"column":22}},"loc":{"start":{"line":46,"column":27},"end":{"line":46,"column":46}},"line":46}},"branchMap":{"0":{"loc":{"start":{"line":8,"column":7},"end":{"line":10,"column":7}},"type":"binary-expr","locations":[{"start":{"line":8,"column":7},"end":{"line":8,"column":23}},{"start":{"line":9,"column":8},"end":{"line":9,"column":87}}],"line":8},"1":{"loc":{"start":{"line":18,"column":13},"end":{"line":18,"column":45}},"type":"cond-expr","locations":[{"start":{"line":18,"column":34},"end":{"line":18,"column":38}},{"start":{"line":18,"column":41},"end":{"line":18,"column":45}}],"line":18},"2":{"loc":{"start":{"line":22,"column":9},"end":{"line":24,"column":9}},"type":"binary-expr","locations":[{"start":{"line":22,"column":9},"end":{"line":22,"column":27}},{"start":{"line":23,"column":10},"end":{"line":23,"column":73}}],"line":22},"3":{"loc":{"start":{"line":27,"column":11},"end":{"line":29,"column":11}},"type":"binary-expr","locations":[{"start":{"line":27,"column":11},"end":{"line":27,"column":26}},{"start":{"line":28,"column":12},"end":{"line":28,"column":67}}],"line":27},"4":{"loc":{"start":{"line":30,"column":11},"end":{"line":32,"column":11}},"type":"binary-expr","locations":[{"start":{"line":30,"column":11},"end":{"line":30,"column":27}},{"start":{"line":31,"column":12},"end":{"line":31,"column":74}}],"line":30},"5":{"loc":{"start":{"line":33,"column":11},"end":{"line":35,"column":11}},"type":"binary-expr","locations":[{"start":{"line":33,"column":11},"end":{"line":33,"column":28}},{"start":{"line":34,"column":12},"end":{"line":34,"column":70}}],"line":33}},"s":{"0":0,"1":0,"2":0,"3":0},"f":{"0":0,"1":0,"2":0},"b":{"0":[0,0],"1":[0,0],"2":[0,0],"3":[0,0],"4":[0,0],"5":[0,0]}}
,"C:\\Users\\ASUS\\OneDrive\\Desktop\\RECEPIE-BOOK-APP\\recipe-book-app\\recipe-book-app\\client\\src\\context\\AuthContext.js": {"path":"C:\\Users\\ASUS\\OneDrive\\Desktop\\RECEPIE-BOOK-APP\\recipe-book-app\\recipe-book-app\\client\\src\\context\\AuthContext.js","statementMap":{"0":{"start":{"line":4,"column":27},"end":{"line":4,"column":42}},"1":{"start":{"line":6,"column":28},"end":{"line":51,"column":1}},"2":{"start":{"line":7,"column":26},"end":{"line":7,"column":40}},"3":{"start":{"line":8,"column":32},"end":{"line":8,"column":46}},"4":{"start":{"line":10,"column":2},"end":{"line":12,"column":9}},"5":{"start":{"line":11,"column":4},"end":{"line":11,"column":16}},"6":{"start":{"line":14,"column":20},"end":{"line":25,"column":3}},"7":{"start":{"line":15,"column":18},"end":{"line":15,"column":47}},"8":{"start":{"line":16,"column":4},"end":{"line":23,"column":5}},"9":{"start":{"line":17,"column":6},"end":{"line":22,"column":7}},"10":{"start":{"line":18,"column":25},"end":{"line":18,"column":50}},"11":{"start":{"line":19,"column":8},"end":{"line":19,"column":31}},"12":{"start":{"line":21,"column":8},"end":{"line":21,"column":41}},"13":{"start":{"line":24,"column":4},"end":{"line":24,"column":22}},"14":{"start":{"line":27,"column":16},"end":{"line":32,"column":3}},"15":{"start":{"line":28,"column":21},"end":{"line":28,"column":71}},"16":{"start":{"line":29,"column":4},"end":{"line":29,"column":55}},"17":{"start":{"line":30,"column":4},"end":{"line":30,"column":32}},"18":{"start":{"line":31,"column":4},"end":{"line":31,"column":25}},"19":{"start":{"line":34,"column":19},"end":{"line":39,"column":3}},"20":{"start":{"line":35,"column":21},"end":{"line":35,"column":84}},"21":{"start":{"line":36,"column":4},"end":{"line":36,"column":55}},"22":{"start":{"line":37,"column":4},"end":{"line":37,"column":32}},"23":{"start":{"line":38,"column":4},"end":{"line":38,"column":25}},"24":{"start":{"line":41,"column":17},"end":{"line":44,"column":3}},"25":{"start":{"line":42,"column":4},"end":{"line":42,"column":37}},"26":{"start":{"line":43,"column":4},"end":{"line":43,"column":18}},"27":{"start":{"line":46,"column":2},"end":{"line":50,"column":4}}},"fnMap":{"0":{"name":"(anonymous_0)","decl":{"start":{"line":6,"column":28},"end":{"line":6,"column":29}},"loc":{"start":{"line":6,"column":46},"end":{"line":51,"column":1}},"line":6},"1":{"name":"(anonymous_1)","decl":{"start":{"line":10,"column":12},"end":{"line":10,"column":13}},"loc":{"start":{"line":10,"column":18},"end":{"line":12,"column":3}},"line":10},"2":{"name":"(anonymous_2)","decl":{"start":{"line":14,"column":20},"end":{"line":14,"column":21}},"loc":{"start":{"line":14,"column":32},"end":{"line":25,"column":3}},"line":14},"3":{"name":"(anonymous_3)","decl":{"start":{"line":27,"column":16},"end":{"line":27,"column":17}},"loc":{"start":{"line":27,"column":43},"end":{"line":32,"column":3}},"line":27},"4":{"name":"(anonymous_4)","decl":{"start":{"line":34,"column":19},"end":{"line":34,"column":20}},"loc":{"start":{"line":34,"column":56},"end":{"line":39,"column":3}},"line":34},"5":{"name":"(anonymous_5)","decl":{"start":{"line":41,"column":17},"end":{"line":41,"column":18}},"loc":{"start":{"line":41,"column":23},"end":{"line":44,"column":3}},"line":41}},"branchMap":{"0":{"loc":{"start":{"line":16,"column":4},"end":{"line":23,"column":5}},"type":"if","locations":[{"start":{"line":16,"column":4},"end":{"line":23,"column":5}},{"start":{},"end":{}}],"line":16}},"s":{"0":2,"1":2,"2":0,"3":0,"4":0,"5":0,"6":0,"7":0,"8":0,"9":0,"10":0,"11":0,"12":0,"13":0,"14":0,"15":0,"16":0,"17":0,"18":0,"19":0,"20":0,"21":0,"22":0,"23":0,"24":0,"25":0,"26":0,"27":0},"f":{"0":0,"1":0,"2":0,"3":0,"4":0,"5":0},"b":{"0":[0,0]},"_coverageSchema":"1a1c01bbd47fc00a2c39e90264f33305004495a9","hash":"1e824f12a970eb8ce4f9c474fe61635a2462e959"}
,"C:\\Users\\ASUS\\OneDrive\\Desktop\\RECEPIE-BOOK-APP\\recipe-book-app\\recipe-book-app\\client\\src\\pages\\AddRecipe.js": {"path":"C:\\Users\\ASUS\\OneDrive\\Desktop\\RECEPIE-BOOK-APP\\recipe-book-app\\recipe-book-app\\client\\src\\pages\\AddRecipe.js","statementMap":{"0":{"start":{"line":6,"column":18},"end":{"line":211,"column":1}},"1":{"start":{"line":7,"column":19},"end":{"line":7,"column":32}},"2":{"start":{"line":8,"column":34},"end":{"line":18,"column":4}},"3":{"start":{"line":19,"column":28},"end":{"line":19,"column":40}},"4":{"start":{"line":21,"column":23},"end":{"line":26,"column":3}},"5":{"start":{"line":22,"column":4},"end":{"line":25,"column":7}},"6":{"start":{"line":28,"column":33},"end":{"line":32,"column":3}},"7":{"start":{"line":29,"column":27},"end":{"line":29,"column":52}},"8":{"start":{"line":30,"column":4},"end":{"line":30,"column":34}},"9":{"start":{"line":31,"column":4},"end":{"line":31,"column":62}},"10":{"start":{"line":34,"column":24},"end":{"line":39,"column":3}},"11":{"start":{"line":35,"column":4},"end":{"line":38,"column":7}},"12":{"start":{"line":41,"column":27},"end":{"line":44,"column":3}},"13":{"start":{"line":42,"column":27},"end":{"line":42,"column":77}},"14":{"start":{"line":42,"column":65},"end":{"line":42,"column":76}},"15":{"start":{"line":43,"column":4},"end":{"line":43,"column":62}},"16":{"start":{"line":46,"column":23},"end":{"line":67,"column":3}},"17":{"start":{"line":47,"column":4},"end":{"line":47,"column":23}},"18":{"start":{"line":48,"column":4},"end":{"line":48,"column":17}},"19":{"start":{"line":51,"column":32},"end":{"line":51,"column":85}},"20":{"start":{"line":51,"column":67},"end":{"line":51,"column":84}},"21":{"start":{"line":53,"column":4},"end":{"line":56,"column":5}},"22":{"start":{"line":54,"column":6},"end":{"line":54,"column":53}},"23":{"start":{"line":55,"column":6},"end":{"line":55,"column":13}},"24":{"start":{"line":58,"column":4},"end":{"line":66,"column":5}},"25":{"start":{"line":59,"column":6},"end":{"line":62,"column":9}},"26":{"start":{"line":63,"column":6},"end":{"line":63,"column":20}},"27":{"start":{"line":65,"column":6},"end":{"line":65,"column":73}},"28":{"start":{"line":69,"column":2},"end":{"line":210,"column":4}},"29":{"start":{"line":102,"column":14},"end":{"line":118,"column":20}},"30":{"start":{"line":106,"column":35},"end":{"line":106,"column":80}},"31":{"start":{"line":112,"column":35},"end":{"line":112,"column":58}},"32":{"start":{"line":203,"column":49},"end":{"line":203,"column":62}}},"fnMap":{"0":{"name":"(anonymous_0)","decl":{"start":{"line":6,"column":18},"end":{"line":6,"column":19}},"loc":{"start":{"line":6,"column":24},"end":{"line":211,"column":1}},"line":6},"1":{"name":"(anonymous_1)","decl":{"start":{"line":21,"column":23},"end":{"line":21,"column":24}},"loc":{"start":{"line":21,"column":30},"end":{"line":26,"column":3}},"line":21},"2":{"name":"(anonymous_2)","decl":{"start":{"line":28,"column":33},"end":{"line":28,"column":34}},"loc":{"start":{"line":28,"column":51},"end":{"line":32,"column":3}},"line":28},"3":{"name":"(anonymous_3)","decl":{"start":{"line":34,"column":24},"end":{"line":34,"column":25}},"loc":{"start":{"line":34,"column":30},"end":{"line":39,"column":3}},"line":34},"4":{"name":"(anonymous_4)","decl":{"start":{"line":41,"column":27},"end":{"line":41,"column":28}},"loc":{"start":{"line":41,"column":38},"end":{"line":44,"column":3}},"line":41},"5":{"name":"(anonymous_5)","decl":{"start":{"line":42,"column":55},"end":{"line":42,"column":56}},"loc":{"start":{"line":42,"column":65},"end":{"line":42,"column":76}},"line":42},"6":{"name":"(anonymous_6)","decl":{"start":{"line":46,"column":23},"end":{"line":46,"column":24}},"loc":{"start":{"line":46,"column":36},"end":{"line":67,"column":3}},"line":46},"7":{"name":"(anonymous_7)","decl":{"start":{"line":51,"column":60},"end":{"line":51,"column":61}},"loc":{"start":{"line":51,"column":67},"end":{"line":51,"column":84}},"line":51},"8":{"name":"(anonymous_8)","decl":{"start":{"line":101,"column":38},"end":{"line":101,"column":39}},"loc":{"start":{"line":102,"column":14},"end":{"line":118,"column":20}},"line":102},"9":{"name":"(anonymous_9)","decl":{"start":{"line":106,"column":28},"end":{"line":106,"column":29}},"loc":{"start":{"line":106,"column":35},"end":{"line":106,"column":80}},"line":106},"10":{"name":"(anonymous_10)","decl":{"start":{"line":112,"column":29},"end":{"line":112,"column":30}},"loc":{"start":{"line":112,"column":35},"end":{"line":112,"column":58}},"line":112},"11":{"name":"(anonymous_11)","decl":{"start":{"line":203,"column":43},"end":{"line":203,"column":44}},"loc":{"start":{"line":203,"column":49},"end":{"line":203,"column":62}},"line":203}},"branchMap":{"0":{"loc":{"start":{"line":53,"column":4},"end":{"line":56,"column":5}},"type":"if","locations":[{"start":{"line":53,"column":4},"end":{"line":56,"column":5}},{"start":{},"end":{}}],"line":53},"1":{"loc":{"start":{"line":65,"column":15},"end":{"line":65,"column":71}},"type":"binary-expr","locations":[{"start":{"line":65,"column":15},"end":{"line":65,"column":42}},{"start":{"line":65,"column":46},"end":{"line":65,"column":71}}],"line":65},"2":{"loc":{"start":{"line":73,"column":9},"end":{"line":73,"column":62}},"type":"binary-expr","locations":[{"start":{"line":73,"column":9},"end":{"line":73,"column":14}},{"start":{"line":73,"column":18},"end":{"line":73,"column":62}}],"line":73},"3":{"loc":{"start":{"line":109,"column":17},"end":{"line":117,"column":17}},"type":"binary-expr","locations":[{"start":{"line":109,"column":17},"end":{"line":109,"column":48}},{"start":{"line":110,"column":18},"end":{"line":116,"column":27}}],"line":109}},"s":{"0":0,"1":0,"2":0,"3":0,"4":0,"5":0,"6":0,"7":0,"8":0,"9":0,"10":0,"11":0,"12":0,"13":0,"14":0,"15":0,"16":0,"17":0,"18":0,"19":0,"20":0,"21":0,"22":0,"23":0,"24":0,"25":0,"26":0,"27":0,"28":0,"29":0,"30":0,"31":0,"32":0},"f":{"0":0,"1":0,"2":0,"3":0,"4":0,"5":0,"6":0,"7":0,"8":0,"9":0,"10":0,"11":0},"b":{"0":[0,0],"1":[0,0],"2":[0,0],"3":[0,0]}}
,"C:\\Users\\ASUS\\OneDrive\\Desktop\\RECEPIE-BOOK-APP\\recipe-book-app\\recipe-book-app\\client\\src\\pages\\EditRecipe.js": {"path":"C:\\Users\\ASUS\\OneDrive\\Desktop\\RECEPIE-BOOK-APP\\recipe-book-app\\recipe-book-app\\client\\src\\pages\\EditRecipe.js","statementMap":{"0":{"start":{"line":6,"column":19},"end":{"line":252,"column":1}},"1":{"start":{"line":7,"column":17},"end":{"line":7,"column":28}},"2":{"start":{"line":8,"column":19},"end":{"line":8,"column":32}},"3":{"start":{"line":9,"column":34},"end":{"line":20,"column":4}},"4":{"start":{"line":21,"column":32},"end":{"line":21,"column":46}},"5":{"start":{"line":22,"column":28},"end":{"line":22,"column":40}},"6":{"start":{"line":24,"column":2},"end":{"line":26,"column":11}},"7":{"start":{"line":25,"column":4},"end":{"line":25,"column":18}},"8":{"start":{"line":28,"column":22},"end":{"line":38,"column":3}},"9":{"start":{"line":29,"column":4},"end":{"line":37,"column":5}},"10":{"start":{"line":30,"column":23},"end":{"line":30,"column":54}},"11":{"start":{"line":31,"column":6},"end":{"line":31,"column":33}},"12":{"start":{"line":32,"column":6},"end":{"line":32,"column":24}},"13":{"start":{"line":34,"column":6},"end":{"line":34,"column":53}},"14":{"start":{"line":35,"column":6},"end":{"line":35,"column":35}},"15":{"start":{"line":36,"column":6},"end":{"line":36,"column":24}},"16":{"start":{"line":40,"column":23},"end":{"line":45,"column":3}},"17":{"start":{"line":41,"column":4},"end":{"line":44,"column":7}},"18":{"start":{"line":47,"column":33},"end":{"line":51,"column":3}},"19":{"start":{"line":48,"column":27},"end":{"line":48,"column":52}},"20":{"start":{"line":49,"column":4},"end":{"line":49,"column":34}},"21":{"start":{"line":50,"column":4},"end":{"line":50,"column":62}},"22":{"start":{"line":53,"column":24},"end":{"line":58,"column":3}},"23":{"start":{"line":54,"column":4},"end":{"line":57,"column":7}},"24":{"start":{"line":60,"column":27},"end":{"line":63,"column":3}},"25":{"start":{"line":61,"column":27},"end":{"line":61,"column":77}},"26":{"start":{"line":61,"column":65},"end":{"line":61,"column":76}},"27":{"start":{"line":62,"column":4},"end":{"line":62,"column":62}},"28":{"start":{"line":65,"column":23},"end":{"line":85,"column":3}},"29":{"start":{"line":66,"column":4},"end":{"line":66,"column":23}},"30":{"start":{"line":67,"column":4},"end":{"line":67,"column":17}},"31":{"start":{"line":69,"column":32},"end":{"line":69,"column":85}},"32":{"start":{"line":69,"column":67},"end":{"line":69,"column":84}},"33":{"start":{"line":71,"column":4},"end":{"line":74,"column":5}},"34":{"start":{"line":72,"column":6},"end":{"line":72,"column":53}},"35":{"start":{"line":73,"column":6},"end":{"line":73,"column":13}},"36":{"start":{"line":76,"column":4},"end":{"line":84,"column":5}},"37":{"start":{"line":77,"column":6},"end":{"line":80,"column":9}},"38":{"start":{"line":81,"column":6},"end":{"line":81,"column":20}},"39":{"start":{"line":83,"column":6},"end":{"line":83,"column":73}},"40":{"start":{"line":87,"column":2},"end":{"line":89,"column":3}},"41":{"start":{"line":88,"column":4},"end":{"line":88,"column":60}},"42":{"start":{"line":91,"column":2},"end":{"line":251,"column":4}},"43":{"start":{"line":124,"column":14},"end":{"line":140,"column":20}},"44":{"start":{"line":128,"column":35},"end":{"line":128,"column":80}},"45":{"start":{"line":134,"column":35},"end":{"line":134,"column":58}},"46":{"start":{"line":244,"column":49},"end":{"line":244,"column":62}}},"fnMap":{"0":{"name":"(anonymous_0)","decl":{"start":{"line":6,"column":19},"end":{"line":6,"column":20}},"loc":{"start":{"line":6,"column":25},"end":{"line":252,"column":1}},"line":6},"1":{"name":"(anonymous_1)","decl":{"start":{"line":24,"column":12},"end":{"line":24,"column":13}},"loc":{"start":{"line":24,"column":18},"end":{"line":26,"column":3}},"line":24},"2":{"name":"(anonymous_2)","decl":{"start":{"line":28,"column":22},"end":{"line":28,"column":23}},"loc":{"start":{"line":28,"column":34},"end":{"line":38,"column":3}},"line":28},"3":{"name":"(anonymous_3)","decl":{"start":{"line":40,"column":23},"end":{"line":40,"column":24}},"loc":{"start":{"line":40,"column":30},"end":{"line":45,"column":3}},"line":40},"4":{"name":"(anonymous_4)","decl":{"start":{"line":47,"column":33},"end":{"line":47,"column":34}},"loc":{"start":{"line":47,"column":51},"end":{"line":51,"column":3}},"line":47},"5":{"name":"(anonymous_5)","decl":{"start":{"line":53,"column":24},"end":{"line":53,"column":25}},"loc":{"start":{"line":53,"column":30},"end":{"line":58,"column":3}},"line":53},"6":{"name":"(anonymous_6)","decl":{"start":{"line":60,"column":27},"end":{"line":60,"column":28}},"loc":{"start":{"line":60,"column":38},"end":{"line":63,"column":3}},"line":60},"7":{"name":"(anonymous_7)","decl":{"start":{"line":61,"column":55},"end":{"line":61,"column":56}},"loc":{"start":{"line":61,"column":65},"end":{"line":61,"column":76}},"line":61},"8":{"name":"(anonymous_8)","decl":{"start":{"line":65,"column":23},"end":{"line":65,"column":24}},"loc":{"start":{"line":65,"column":36},"end":{"line":85,"column":3}},"line":65},"9":{"name":"(anonymous_9)","decl":{"start":{"line":69,"column":60},"end":{"line":69,"column":61}},"loc":{"start":{"line":69,"column":67},"end":{"line":69,"column":84}},"line":69},"10":{"name":"(anonymous_10)","decl":{"start":{"line":123,"column":38},"end":{"line":123,"column":39}},"loc":{"start":{"line":124,"column":14},"end":{"line":140,"column":20}},"line":124},"11":{"name":"(anonymous_11)","decl":{"start":{"line":128,"column":28},"end":{"line":128,"column":29}},"loc":{"start":{"line":128,"column":35},"end":{"line":128,"column":80}},"line":128},"12":{"name":"(anonymous_12)","decl":{"start":{"line":134,"column":29},"end":{"line":134,"column":30}},"loc":{"start":{"line":134,"column":35},"end":{"line":134,"column":58}},"line":134},"13":{"name":"(anonymous_13)","decl":{"start":{"line":244,"column":43},"end":{"line":244,"column":44}},"loc":{"start":{"line":244,"column":49},"end":{"line":244,"column":62}},"line":244}},"branchMap":{"0":{"loc":{"start":{"line":71,"column":4},"end":{"line":74,"column":5}},"type":"if","locations":[{"start":{"line":71,"column":4},"end":{"line":74,"column":5}},{"start":{},"end":{}}],"line":71},"1":{"loc":{"start":{"line":83,"column":15},"end":{"line":83,"column":71}},"type":"binary-expr","locations":[{"start":{"line":83,"column":15},"end":{"line":83,"column":42}},{"start":{"line":83,"column":46},"end":{"line":83,"column":71}}],"line":83},"2":{"loc":{"start":{"line":87,"column":2},"end":{"line":89,"column":3}},"type":"if","locations":[{"start":{"line":87,"column":2},"end":{"line":89,"column":3}},{"start":{},"end":{}}],"line":87},"3":{"loc":{"start":{"line":95,"column":9},"end":{"line":95,"column":62}},"type":"binary-expr","locations":[{"start":{"line":95,"column":9},"end":{"line":95,"column":14}},{"start":{"line":95,"column":18},"end":{"line":95,"column":62}}],"line":95},"4":{"loc":{"start":{"line":131,"column":17},"end":{"line":139,"column":17}},"type":"binary-expr","locations":[{"start":{"line":131,"column":17},"end":{"line":131,"column":48}},{"start":{"line":132,"column":18},"end":{"line":138,"column":27}}],"line":131}},"s":{"0":0,"1":0,"2":0,"3":0,"4":0,"5":0,"6":0,"7":0,"8":0,"9":0,"10":0,"11":0,"12":0,"13":0,"14":0,"15":0,"16":0,"17":0,"18":0,"19":0,"20":0,"21":0,"22":0,"23":0,"24":0,"25":0,"26":0,"27":0,"28":0,"29":0,"30":0,"31":0,"32":0,"33":0,"34":0,"35":0,"36":0,"37":0,"38":0,"39":0,"40":0,"41":0,"42":0,"43":0,"44":0,"45":0,"46":0},"f":{"0":0,"1":0,"2":0,"3":0,"4":0,"5":0,"6":0,"7":0,"8":0,"9":0,"10":0,"11":0,"12":0,"13":0},"b":{"0":[0,0],"1":[0,0],"2":[0,0],"3":[0,0],"4":[0,0]}}
,"C:\\Users\\ASUS\\OneDrive\\Desktop\\RECEPIE-BOOK-APP\\recipe-book-app\\recipe-book-app\\client\\src\\pages\\Home.js": {"path":"C:\\Users\\ASUS\\OneDrive\\Desktop\\RECEPIE-BOOK-APP\\recipe-book-app\\recipe-book-app\\client\\src\\pages\\Home.js","statementMap":{"0":{"start":{"line":6,"column":13},"end":{"line":101,"column":1}},"1":{"start":{"line":7,"column":32},"end":{"line":7,"column":44}},"2":{"start":{"line":8,"column":32},"end":{"line":8,"column":46}},"3":{"start":{"line":9,"column":30},"end":{"line":9,"column":68}},"4":{"start":{"line":11,"column":2},"end":{"line":13,"column":15}},"5":{"start":{"line":12,"column":4},"end":{"line":12,"column":19}},"6":{"start":{"line":15,"column":23},"end":{"line":28,"column":3}},"7":{"start":{"line":16,"column":4},"end":{"line":27,"column":5}},"8":{"start":{"line":17,"column":21},"end":{"line":17,"column":23}},"9":{"start":{"line":18,"column":6},"end":{"line":18,"column":61}},"10":{"start":{"line":18,"column":27},"end":{"line":18,"column":61}},"11":{"start":{"line":19,"column":6},"end":{"line":19,"column":55}},"12":{"start":{"line":19,"column":25},"end":{"line":19,"column":55}},"13":{"start":{"line":21,"column":23},"end":{"line":21,"column":60}},"14":{"start":{"line":22,"column":6},"end":{"line":22,"column":32}},"15":{"start":{"line":23,"column":6},"end":{"line":23,"column":24}},"16":{"start":{"line":25,"column":6},"end":{"line":25,"column":54}},"17":{"start":{"line":26,"column":6},"end":{"line":26,"column":24}},"18":{"start":{"line":30,"column":31},"end":{"line":39,"column":3}},"19":{"start":{"line":31,"column":4},"end":{"line":38,"column":5}},"20":{"start":{"line":32,"column":23},"end":{"line":32,"column":65}},"21":{"start":{"line":33,"column":6},"end":{"line":35,"column":9}},"22":{"start":{"line":34,"column":8},"end":{"line":34,"column":89}},"23":{"start":{"line":37,"column":6},"end":{"line":37,"column":55}},"24":{"start":{"line":41,"column":23},"end":{"line":50,"column":3}},"25":{"start":{"line":42,"column":4},"end":{"line":49,"column":5}},"26":{"start":{"line":43,"column":6},"end":{"line":48,"column":7}},"27":{"start":{"line":44,"column":8},"end":{"line":44,"column":43}},"28":{"start":{"line":45,"column":8},"end":{"line":45,"column":63}},"29":{"start":{"line":45,"column":44},"end":{"line":45,"column":60}},"30":{"start":{"line":47,"column":8},"end":{"line":47,"column":55}},"31":{"start":{"line":52,"column":2},"end":{"line":54,"column":3}},"32":{"start":{"line":53,"column":4},"end":{"line":53,"column":61}},"33":{"start":{"line":56,"column":2},"end":{"line":100,"column":4}},"34":{"start":{"line":65,"column":29},"end":{"line":65,"column":77}},"35":{"start":{"line":70,"column":29},"end":{"line":70,"column":79}},"36":{"start":{"line":90,"column":12},"end":{"line":95,"column":14}}},"fnMap":{"0":{"name":"(anonymous_0)","decl":{"start":{"line":6,"column":13},"end":{"line":6,"column":14}},"loc":{"start":{"line":6,"column":19},"end":{"line":101,"column":1}},"line":6},"1":{"name":"(anonymous_1)","decl":{"start":{"line":11,"column":12},"end":{"line":11,"column":13}},"loc":{"start":{"line":11,"column":18},"end":{"line":13,"column":3}},"line":11},"2":{"name":"(anonymous_2)","decl":{"start":{"line":15,"column":23},"end":{"line":15,"column":24}},"loc":{"start":{"line":15,"column":35},"end":{"line":28,"column":3}},"line":15},"3":{"name":"(anonymous_3)","decl":{"start":{"line":30,"column":31},"end":{"line":30,"column":32}},"loc":{"start":{"line":30,"column":45},"end":{"line":39,"column":3}},"line":30},"4":{"name":"(anonymous_4)","decl":{"start":{"line":33,"column":29},"end":{"line":33,"column":30}},"loc":{"start":{"line":34,"column":8},"end":{"line":34,"column":89}},"line":34},"5":{"name":"(anonymous_5)","decl":{"start":{"line":41,"column":23},"end":{"line":41,"column":24}},"loc":{"start":{"line":41,"column":37},"end":{"line":50,"column":3}},"line":41},"6":{"name":"(anonymous_6)","decl":{"start":{"line":45,"column":34},"end":{"line":45,"column":35}},"loc":{"start":{"line":45,"column":44},"end":{"line":45,"column":60}},"line":45},"7":{"name":"(anonymous_7)","decl":{"start":{"line":65,"column":22},"end":{"line":65,"column":23}},"loc":{"start":{"line":65,"column":29},"end":{"line":65,"column":77}},"line":65},"8":{"name":"(anonymous_8)","decl":{"start":{"line":70,"column":22},"end":{"line":70,"column":23}},"loc":{"start":{"line":70,"column":29},"end":{"line":70,"column":79}},"line":70},"9":{"name":"(anonymous_9)","decl":{"start":{"line":89,"column":23},"end":{"line":89,"column":24}},"loc":{"start":{"line":90,"column":12},"end":{"line":95,"column":14}},"line":90}},"branchMap":{"0":{"loc":{"start":{"line":18,"column":6},"end":{"line":18,"column":61}},"type":"if","locations":[{"start":{"line":18,"column":6},"end":{"line":18,"column":61}},{"start":{},"end":{}}],"line":18},"1":{"loc":{"start":{"line":19,"column":6},"end":{"line":19,"column":55}},"type":"if","locations":[{"start":{"line":19,"column":6},"end":{"line":19,"column":55}},{"start":{},"end":{}}],"line":19},"2":{"loc":{"start":{"line":34,"column":8},"end":{"line":34,"column":89}},"type":"cond-expr","locations":[{"start":{"line":34,"column":27},"end":{"line":34,"column":80}},{"start":{"line":34,"column":83},"end":{"line":34,"column":89}}],"line":34},"3":{"loc":{"start":{"line":42,"column":4},"end":{"line":49,"column":5}},"type":"if","locations":[{"start":{"line":42,"column":4},"end":{"line":49,"column":5}},{"start":{},"end":{}}],"line":42},"4":{"loc":{"start":{"line":52,"column":2},"end":{"line":54,"column":3}},"type":"if","locations":[{"start":{"line":52,"column":2},"end":{"line":54,"column":3}},{"start":{},"end":{}}],"line":52},"5":{"loc":{"start":{"line":83,"column":7},"end":{"line":98,"column":7}},"type":"cond-expr","locations":[{"start":{"line":84,"column":8},"end":{"line":86,"column":14}},{"start":{"line":88,"column":8},"end":{"line":97,"column":14}}],"line":83}},"s":{"0":0,"1":0,"2":0,"3":0,"4":0,"5":0,"6":0,"7":0,"8":0,"9":0,"10":0,"11":0,"12":0,"13":0,"14":0,"15":0,"16":0,"17":0,"18":0,"19":0,"20":0,"21":0,"22":0,"23":0,"24":0,"25":0,"26":0,"27":0,"28":0,"29":0,"30":0,"31":0,"32":0,"33":0,"34":0,"35":0,"36":0},"f":{"0":0,"1":0,"2":0,"3":0,"4":0,"5":0,"6":0,"7":0,"8":0,"9":0},"b":{"0":[0,0],"1":[0,0],"2":[0,0],"3":[0,0],"4":[0,0],"5":[0,0]}}
,"C:\\Users\\ASUS\\OneDrive\\Desktop\\RECEPIE-BOOK-APP\\recipe-book-app\\recipe-book-app\\client\\src\\pages\\Login.js": {"path":"C:\\Users\\ASUS\\OneDrive\\Desktop\\RECEPIE-BOOK-APP\\recipe-book-app\\recipe-book-app\\client\\src\\pages\\Login.js","statementMap":{"0":{"start":{"line":6,"column":14},"end":{"line":70,"column":1}},"1":{"start":{"line":7,"column":34},"end":{"line":10,"column":4}},"2":{"start":{"line":11,"column":28},"end":{"line":11,"column":40}},"3":{"start":{"line":12,"column":20},"end":{"line":12,"column":43}},"4":{"start":{"line":13,"column":19},"end":{"line":13,"column":32}},"5":{"start":{"line":15,"column":23},"end":{"line":20,"column":3}},"6":{"start":{"line":16,"column":4},"end":{"line":19,"column":7}},"7":{"start":{"line":22,"column":23},"end":{"line":32,"column":3}},"8":{"start":{"line":23,"column":4},"end":{"line":23,"column":23}},"9":{"start":{"line":24,"column":4},"end":{"line":24,"column":17}},"10":{"start":{"line":26,"column":4},"end":{"line":31,"column":5}},"11":{"start":{"line":27,"column":6},"end":{"line":27,"column":53}},"12":{"start":{"line":28,"column":6},"end":{"line":28,"column":20}},"13":{"start":{"line":30,"column":6},"end":{"line":30,"column":62}},"14":{"start":{"line":34,"column":2},"end":{"line":69,"column":4}}},"fnMap":{"0":{"name":"(anonymous_0)","decl":{"start":{"line":6,"column":14},"end":{"line":6,"column":15}},"loc":{"start":{"line":6,"column":20},"end":{"line":70,"column":1}},"line":6},"1":{"name":"(anonymous_1)","decl":{"start":{"line":15,"column":23},"end":{"line":15,"column":24}},"loc":{"start":{"line":15,"column":30},"end":{"line":20,"column":3}},"line":15},"2":{"name":"(anonymous_2)","decl":{"start":{"line":22,"column":23},"end":{"line":22,"column":24}},"loc":{"start":{"line":22,"column":36},"end":{"line":32,"column":3}},"line":22}},"branchMap":{"0":{"loc":{"start":{"line":30,"column":15},"end":{"line":30,"column":60}},"type":"binary-expr","locations":[{"start":{"line":30,"column":15},"end":{"line":30,"column":42}},{"start":{"line":30,"column":46},"end":{"line":30,"column":60}}],"line":30},"1":{"loc":{"start":{"line":38,"column":9},"end":{"line":38,"column":62}},"type":"binary-expr","locations":[{"start":{"line":38,"column":9},"end":{"line":38,"column":14}},{"start":{"line":38,"column":18},"end":{"line":38,"column":62}}],"line":38}},"s":{"0":1,"1":1,"2":1,"3":1,"4":1,"5":1,"6":0,"7":1,"8":0,"9":0,"10":0,"11":0,"12":0,"13":0,"14":1},"f":{"0":1,"1":0,"2":0},"b":{"0":[0,0],"1":[1,0]},"_coverageSchema":"1a1c01bbd47fc00a2c39e90264f33305004495a9","hash":"ba31e73e5d5e2fdb4eb455666bceea9bc9c05ed6"}
,"C:\\Users\\ASUS\\OneDrive\\Desktop\\RECEPIE-BOOK-APP\\recipe-book-app\\recipe-book-app\\client\\src\\pages\\RecipeDetail.js": {"path":"C:\\Users\\ASUS\\OneDrive\\Desktop\\RECEPIE-BOOK-APP\\recipe-book-app\\recipe-book-app\\client\\src\\pages\\RecipeDetail.js","statementMap":{"0":{"start":{"line":6,"column":21},"end":{"line":130,"column":1}},"1":{"start":{"line":7,"column":17},"end":{"line":7,"column":28}},"2":{"start":{"line":8,"column":19},"end":{"line":8,"column":32}},"3":{"start":{"line":9,"column":30},"end":{"line":9,"column":44}},"4":{"start":{"line":10,"column":32},"end":{"line":10,"column":46}},"5":{"start":{"line":12,"column":2},"end":{"line":14,"column":11}},"6":{"start":{"line":13,"column":4},"end":{"line":13,"column":18}},"7":{"start":{"line":16,"column":22},"end":{"line":25,"column":3}},"8":{"start":{"line":17,"column":4},"end":{"line":24,"column":5}},"9":{"start":{"line":18,"column":23},"end":{"line":18,"column":54}},"10":{"start":{"line":19,"column":6},"end":{"line":19,"column":31}},"11":{"start":{"line":20,"column":6},"end":{"line":20,"column":24}},"12":{"start":{"line":22,"column":6},"end":{"line":22,"column":53}},"13":{"start":{"line":23,"column":6},"end":{"line":23,"column":24}},"14":{"start":{"line":27,"column":31},"end":{"line":34,"column":3}},"15":{"start":{"line":28,"column":4},"end":{"line":33,"column":5}},"16":{"start":{"line":29,"column":23},"end":{"line":29,"column":65}},"17":{"start":{"line":30,"column":6},"end":{"line":30,"column":71}},"18":{"start":{"line":32,"column":6},"end":{"line":32,"column":55}},"19":{"start":{"line":36,"column":23},"end":{"line":45,"column":3}},"20":{"start":{"line":37,"column":4},"end":{"line":44,"column":5}},"21":{"start":{"line":38,"column":6},"end":{"line":43,"column":7}},"22":{"start":{"line":39,"column":8},"end":{"line":39,"column":43}},"23":{"start":{"line":40,"column":8},"end":{"line":40,"column":22}},"24":{"start":{"line":42,"column":8},"end":{"line":42,"column":55}},"25":{"start":{"line":47,"column":2},"end":{"line":49,"column":3}},"26":{"start":{"line":48,"column":4},"end":{"line":48,"column":60}},"27":{"start":{"line":51,"column":2},"end":{"line":53,"column":3}},"28":{"start":{"line":52,"column":4},"end":{"line":52,"column":59}},"29":{"start":{"line":55,"column":2},"end":{"line":129,"column":4}},"30":{"start":{"line":105,"column":16},"end":{"line":105,"column":49}},"31":{"start":{"line":123,"column":33},"end":{"line":123,"column":46}}},"fnMap":{"0":{"name":"(anonymous_0)","decl":{"start":{"line":6,"column":21},"end":{"line":6,"column":22}},"loc":{"start":{"line":6,"column":27},"end":{"line":130,"column":1}},"line":6},"1":{"name":"(anonymous_1)","decl":{"start":{"line":12,"column":12},"end":{"line":12,"column":13}},"loc":{"start":{"line":12,"column":18},"end":{"line":14,"column":3}},"line":12},"2":{"name":"(anonymous_2)","decl":{"start":{"line":16,"column":22},"end":{"line":16,"column":23}},"loc":{"start":{"line":16,"column":34},"end":{"line":25,"column":3}},"line":16},"3":{"name":"(anonymous_3)","decl":{"start":{"line":27,"column":31},"end":{"line":27,"column":32}},"loc":{"start":{"line":27,"column":43},"end":{"line":34,"column":3}},"line":27},"4":{"name":"(anonymous_4)","decl":{"start":{"line":36,"column":23},"end":{"line":36,"column":24}},"loc":{"start":{"line":36,"column":35},"end":{"line":45,"column":3}},"line":36},"5":{"name":"(anonymous_5)","decl":{"start":{"line":104,"column":38},"end":{"line":104,"column":39}},"loc":{"start":{"line":105,"column":16},"end":{"line":105,"column":49}},"line":105},"6":{"name":"(anonymous_6)","decl":{"start":{"line":123,"column":27},"end":{"line":123,"column":28}},"loc":{"start":{"line":123,"column":33},"end":{"line":123,"column":46}},"line":123}},"branchMap":{"0":{"loc":{"start":{"line":37,"column":4},"end":{"line":44,"column":5}},"type":"if","locations":[{"start":{"line":37,"column":4},"end":{"line":44,"column":5}},{"start":{},"end":{}}],"line":37},"1":{"loc":{"start":{"line":47,"column":2},"end":{"line":49,"column":3}},"type":"if","locations":[{"start":{"line":47,"column":2},"end":{"line":49,"column":3}},{"start":{},"end":{}}],"line":47},"2":{"loc":{"start":{"line":51,"column":2},"end":{"line":53,"column":3}},"type":"if","locations":[{"start":{"line":51,"column":2},"end":{"line":53,"column":3}},{"start":{},"end":{}}],"line":51},"3":{"loc":{"start":{"line":61,"column":13},"end":{"line":61,"column":90}},"type":"binary-expr","locations":[{"start":{"line":61,"column":13},"end":{"line":61,"column":31}},{"start":{"line":61,"column":35},"end":{"line":61,"column":90}}],"line":61},"4":{"loc":{"start":{"line":64,"column":13},"end":{"line":64,"column":45}},"type":"cond-expr","locations":[{"start":{"line":64,"column":34},"end":{"line":64,"column":38}},{"start":{"line":64,"column":41},"end":{"line":64,"column":45}}],"line":64},"5":{"loc":{"start":{"line":68,"column":9},"end":{"line":70,"column":9}},"type":"binary-expr","locations":[{"start":{"line":68,"column":9},"end":{"line":68,"column":25}},{"start":{"line":69,"column":10},"end":{"line":69,"column":91}}],"line":68},"6":{"loc":{"start":{"line":73,"column":11},"end":{"line":77,"column":11}},"type":"binary-expr","locations":[{"start":{"line":73,"column":11},"end":{"line":73,"column":26}},{"start":{"line":74,"column":12},"end":{"line":76,"column":19}}],"line":73},"7":{"loc":{"start":{"line":78,"column":11},"end":{"line":82,"column":11}},"type":"binary-expr","locations":[{"start":{"line":78,"column":11},"end":{"line":78,"column":27}},{"start":{"line":79,"column":12},"end":{"line":81,"column":19}}],"line":78},"8":{"loc":{"start":{"line":83,"column":11},"end":{"line":87,"column":11}},"type":"binary-expr","locations":[{"start":{"line":83,"column":11},"end":{"line":83,"column":27}},{"start":{"line":84,"column":12},"end":{"line":86,"column":19}}],"line":83},"9":{"loc":{"start":{"line":88,"column":11},"end":{"line":92,"column":11}},"type":"binary-expr","locations":[{"start":{"line":88,"column":11},"end":{"line":88,"column":26}},{"start":{"line":89,"column":12},"end":{"line":91,"column":19}}],"line":88},"10":{"loc":{"start":{"line":93,"column":11},"end":{"line":97,"column":11}},"type":"binary-expr","locations":[{"start":{"line":93,"column":11},"end":{"line":93,"column":28}},{"start":{"line":94,"column":12},"end":{"line":96,"column":19}}],"line":93}},"s":{"0":0,"1":0,"2":0,"3":0,"4":0,"5":0,"6":0,"7":0,"8":0,"9":0,"10":0,"11":0,"12":0,"13":0,"14":0,"15":0,"16":0,"17":0,"18":0,"19":0,"20":0,"21":0,"22":0,"23":0,"24":0,"25":0,"26":0,"27":0,"28":0,"29":0,"30":0,"31":0},"f":{"0":0,"1":0,"2":0,"3":0,"4":0,"5":0,"6":0},"b":{"0":[0,0],"1":[0,0],"2":[0,0],"3":[0,0],"4":[0,0],"5":[0,0],"6":[0,0],"7":[0,0],"8":[0,0],"9":[0,0],"10":[0,0]}}
,"C:\\Users\\ASUS\\OneDrive\\Desktop\\RECEPIE-BOOK-APP\\recipe-book-app\\recipe-book-app\\client\\src\\pages\\Register.js": {"path":"C:\\Users\\ASUS\\OneDrive\\Desktop\\RECEPIE-BOOK-APP\\recipe-book-app\\recipe-book-app\\client\\src\\pages\\Register.js","statementMap":{"0":{"start":{"line":6,"column":17},"end":{"line":104,"column":1}},"1":{"start":{"line":7,"column":34},"end":{"line":12,"column":4}},"2":{"start":{"line":13,"column":28},"end":{"line":13,"column":40}},"3":{"start":{"line":14,"column":23},"end":{"line":14,"column":46}},"4":{"start":{"line":15,"column":19},"end":{"line":15,"column":32}},"5":{"start":{"line":17,"column":23},"end":{"line":22,"column":3}},"6":{"start":{"line":18,"column":4},"end":{"line":21,"column":7}},"7":{"start":{"line":24,"column":23},"end":{"line":44,"column":3}},"8":{"start":{"line":25,"column":4},"end":{"line":25,"column":23}},"9":{"start":{"line":26,"column":4},"end":{"line":26,"column":17}},"10":{"start":{"line":28,"column":4},"end":{"line":31,"column":5}},"11":{"start":{"line":29,"column":6},"end":{"line":29,"column":41}},"12":{"start":{"line":30,"column":6},"end":{"line":30,"column":13}},"13":{"start":{"line":33,"column":4},"end":{"line":36,"column":5}},"14":{"start":{"line":34,"column":6},"end":{"line":34,"column":57}},"15":{"start":{"line":35,"column":6},"end":{"line":35,"column":13}},"16":{"start":{"line":38,"column":4},"end":{"line":43,"column":5}},"17":{"start":{"line":39,"column":6},"end":{"line":39,"column":75}},"18":{"start":{"line":40,"column":6},"end":{"line":40,"column":20}},"19":{"start":{"line":42,"column":6},"end":{"line":42,"column":69}},"20":{"start":{"line":46,"column":2},"end":{"line":103,"column":4}}},"fnMap":{"0":{"name":"(anonymous_0)","decl":{"start":{"line":6,"column":17},"end":{"line":6,"column":18}},"loc":{"start":{"line":6,"column":23},"end":{"line":104,"column":1}},"line":6},"1":{"name":"(anonymous_1)","decl":{"start":{"line":17,"column":23},"end":{"line":17,"column":24}},"loc":{"start":{"line":17,"column":30},"end":{"line":22,"column":3}},"line":17},"2":{"name":"(anonymous_2)","decl":{"start":{"line":24,"column":23},"end":{"line":24,"column":24}},"loc":{"start":{"line":24,"column":36},"end":{"line":44,"column":3}},"line":24}},"branchMap":{"0":{"loc":{"start":{"line":28,"column":4},"end":{"line":31,"column":5}},"type":"if","locations":[{"start":{"line":28,"column":4},"end":{"line":31,"column":5}},{"start":{},"end":{}}],"line":28},"1":{"loc":{"start":{"line":33,"column":4},"end":{"line":36,"column":5}},"type":"if","locations":[{"start":{"line":33,"column":4},"end":{"line":36,"column":5}},{"start":{},"end":{}}],"line":33},"2":{"loc":{"start":{"line":42,"column":15},"end":{"line":42,"column":67}},"type":"binary-expr","locations":[{"start":{"line":42,"column":15},"end":{"line":42,"column":42}},{"start":{"line":42,"column":46},"end":{"line":42,"column":67}}],"line":42},"3":{"loc":{"start":{"line":50,"column":9},"end":{"line":50,"column":62}},"type":"binary-expr","locations":[{"start":{"line":50,"column":9},"end":{"line":50,"column":14}},{"start":{"line":50,"column":18},"end":{"line":50,"column":62}}],"line":50}},"s":{"0":0,"1":0,"2":0,"3":0,"4":0,"5":0,"6":0,"7":0,"8":0,"9":0,"10":0,"11":0,"12":0,"13":0,"14":0,"15":0,"16":0,"17":0,"18":0,"19":0,"20":0},"f":{"0":0,"1":0,"2":0},"b":{"0":[0,0],"1":[0,0],"2":[0,0],"3":[0,0]}}
,"C:\\Users\\ASUS\\OneDrive\\Desktop\\RECEPIE-BOOK-APP\\recipe-book-app\\recipe-book-app\\client\\src\\utils\\api.js": {"path":"C:\\Users\\ASUS\\OneDrive\\Desktop\\RECEPIE-BOOK-APP\\recipe-book-app\\recipe-book-app\\client\\src\\utils\\api.js","statementMap":{"0":{"start":{"line":3,"column":12},"end":{"line":5,"column":2}},"1":{"start":{"line":8,"column":0},"end":{"line":19,"column":2}},"2":{"start":{"line":10,"column":18},"end":{"line":10,"column":47}},"3":{"start":{"line":11,"column":4},"end":{"line":13,"column":5}},"4":{"start":{"line":12,"column":6},"end":{"line":12,"column":55}},"5":{"start":{"line":14,"column":4},"end":{"line":14,"column":18}},"6":{"start":{"line":17,"column":4},"end":{"line":17,"column":33}}},"fnMap":{"0":{"name":"(anonymous_0)","decl":{"start":{"line":9,"column":2},"end":{"line":9,"column":3}},"loc":{"start":{"line":9,"column":14},"end":{"line":15,"column":3}},"line":9},"1":{"name":"(anonymous_1)","decl":{"start":{"line":16,"column":2},"end":{"line":16,"column":3}},"loc":{"start":{"line":16,"column":13},"end":{"line":18,"column":3}},"line":16}},"branchMap":{"0":{"loc":{"start":{"line":11,"column":4},"end":{"line":13,"column":5}},"type":"if","locations":[{"start":{"line":11,"column":4},"end":{"line":13,"column":5}},{"start":{},"end":{}}],"line":11}},"s":{"0":2,"1":2,"2":0,"3":0,"4":0,"5":0,"6":0},"f":{"0":0,"1":0},"b":{"0":[0,0]},"_coverageSchema":"1a1c01bbd47fc00a2c39e90264f33305004495a9","hash":"339b4add8813ea4d2137798e4ebd1ed96feb62c5"}
}
